2025-08-18 14:02:55,999 [INFO] Activator:176 - 


2025-08-18 14:02:56,005 [INFO] Activator:177 - !SESSION log4j initialized
2025-08-18 14:03:07,336 [INFO] LogOutputStream:77 - [STDOUT_REDIRECT] 
2025-08-18 14:03:13,970 [INFO] ApplicationProperties:184 - Using Application install path: C:\ST\STM32CubeIDE_1.10.1\STM32CubeIDE\plugins\com.st.stm32cube.common.mx_6.14.0.202502271554
2025-08-18 14:03:13,988 [INFO] DbMcusXml:78 - Set database path to: C:\ST\STM32CubeIDE_1.10.1\STM32CubeIDE\plugins\com.st.stm32cube.common.mx_6.14.0.202502271554\\db\/mcu/
2025-08-18 14:03:13,989 [INFO] ApiDb:274 - Set plugin database path to: C:\ST\STM32CubeIDE_1.10.1\STM32CubeIDE\plugins\com.st.stm32cube.common.mx_6.14.0.202502271554\\db\/plugins/boardmanager/
2025-08-18 14:03:13,989 [WARN] ApiDb:259 - Overriding images path with different value:  => C:\ST\STM32CubeIDE_1.10.1\STM32CubeIDE\plugins\com.st.stm32cube.common.mx_6.14.0.202502271554\\db\/plugins/mcufinder/images/
2025-08-18 14:03:13,999 [INFO] ApiDb:250 - Set database path to: C:\Users\julie\.stmcufinder\plugins\mcufinder//mcu/
2025-08-18 14:03:14,000 [INFO] DbMcusAds:125 - Set database path to: C:\Users\julie\.stmcufinder\plugins\mcufinder//mcu/
2025-08-18 14:03:14,002 [INFO] CrossReferenceDbSqlite:203 - Set database path to: C:\Users\julie\.stmcufinder\plugins\mcufinder//mcu/cs/
2025-08-18 14:03:14,114 [INFO] RulesReader:64 - Compatibility file has been processed (301 Rules)
2025-08-18 14:03:14,188 [INFO] DbMcusXml:78 - Set database path to: C:\ST\STM32CubeIDE_1.10.1\STM32CubeIDE\plugins\com.st.stm32cube.common.mx_6.14.0.202502271554\\db\/mcu/
2025-08-18 14:03:14,188 [INFO] ApiDb:274 - Set plugin database path to: C:\ST\STM32CubeIDE_1.10.1\STM32CubeIDE\plugins\com.st.stm32cube.common.mx_6.14.0.202502271554\\db\/plugins/boardmanager/
2025-08-18 14:03:14,188 [INFO] ApiDb:261 - Set plugin images path to: C:\ST\STM32CubeIDE_1.10.1\STM32CubeIDE\plugins\com.st.stm32cube.common.mx_6.14.0.202502271554\\db\/plugins/mcufinder/images/
2025-08-18 14:03:14,189 [WARN] DbFile:41 - Overriding database path with different value: C:\Users\julie\.stmcufinder\plugins\mcufinder/ => C:\Users\julie\.stmcufinder\plugins\mcufinder
2025-08-18 14:03:14,189 [INFO] ApiDb:250 - Set database path to: C:\Users\julie\.stmcufinder\plugins\mcufinder//mcu/
2025-08-18 14:03:14,189 [WARN] DbFile:41 - Overriding database path with different value: C:\Users\julie\.stmcufinder\plugins\mcufinder/ => C:\Users\julie\.stmcufinder\plugins\mcufinder
2025-08-18 14:03:14,189 [INFO] DbMcusAds:125 - Set database path to: C:\Users\julie\.stmcufinder\plugins\mcufinder//mcu/
2025-08-18 14:03:14,189 [WARN] DbFile:41 - Overriding database path with different value: C:\Users\julie\.stmcufinder\plugins\mcufinder/ => C:\Users\julie\.stmcufinder\plugins\mcufinder
2025-08-18 14:03:14,189 [WARN] DbFile:41 - Overriding database path with different value: C:\Users\julie\.stmcufinder\plugins\mcufinder/ => C:\Users\julie\.stmcufinder\plugins\mcufinder
2025-08-18 14:03:14,189 [INFO] CrossReferenceDbSqlite:203 - Set database path to: C:\Users\julie\.stmcufinder\plugins\mcufinder//mcu/cs/
2025-08-18 14:03:14,263 [INFO] MainPanel:272 - HeapMemory: 268435456
2025-08-18 14:03:14,365 [INFO] DbMcusXml:78 - Set database path to: C:\ST\STM32CubeIDE_1.10.1\STM32CubeIDE\plugins\com.st.stm32cube.common.mx_6.14.0.202502271554\\db\/mcu/
2025-08-18 14:03:14,365 [INFO] ApiDb:274 - Set plugin database path to: C:\ST\STM32CubeIDE_1.10.1\STM32CubeIDE\plugins\com.st.stm32cube.common.mx_6.14.0.202502271554\\db\/plugins/boardmanager/
2025-08-18 14:03:14,366 [INFO] ApiDb:261 - Set plugin images path to: C:\ST\STM32CubeIDE_1.10.1\STM32CubeIDE\plugins\com.st.stm32cube.common.mx_6.14.0.202502271554\\db\/plugins/mcufinder/images/
2025-08-18 14:03:14,367 [WARN] DbFile:41 - Overriding database path with different value: C:\Users\julie\.stmcufinder\plugins\mcufinder/ => C:\Users\julie\.stmcufinder\plugins\mcufinder
2025-08-18 14:03:14,367 [INFO] ApiDb:250 - Set database path to: C:\Users\julie\.stmcufinder\plugins\mcufinder//mcu/
2025-08-18 14:03:14,367 [WARN] DbFile:41 - Overriding database path with different value: C:\Users\julie\.stmcufinder\plugins\mcufinder/ => C:\Users\julie\.stmcufinder\plugins\mcufinder
2025-08-18 14:03:14,367 [INFO] DbMcusAds:125 - Set database path to: C:\Users\julie\.stmcufinder\plugins\mcufinder//mcu/
2025-08-18 14:03:14,367 [WARN] DbFile:41 - Overriding database path with different value: C:\Users\julie\.stmcufinder\plugins\mcufinder/ => C:\Users\julie\.stmcufinder\plugins\mcufinder
2025-08-18 14:03:14,367 [WARN] DbFile:41 - Overriding database path with different value: C:\Users\julie\.stmcufinder\plugins\mcufinder/ => C:\Users\julie\.stmcufinder\plugins\mcufinder
2025-08-18 14:03:14,367 [INFO] CrossReferenceDbSqlite:203 - Set database path to: C:\Users\julie\.stmcufinder\plugins\mcufinder//mcu/cs/
2025-08-18 14:03:14,382 [INFO] ApplicationProperties:184 - Using Application install path: C:\ST\STM32CubeIDE_1.10.1\STM32CubeIDE\plugins\com.st.stm32cube.common.mx_6.14.0.202502271554
2025-08-18 14:03:14,384 [INFO] PluginManage:196 - Search for loadable plugins [exclusion list=, ]
2025-08-18 14:03:14,386 [INFO] PluginManage:310 - Check plugin analytics
2025-08-18 14:03:14,587 [INFO] AnalyticsPlugin:253 - Accepted Software Licenses: STM32CubeMX.6.3.0,STM32CubeMX.6.9.2,STM32CubeMX.6.6.1,STM32CubeMX.6.10.0,STM32CubeMX.6.14.0,STM32CubeMX.6.13.0,STM32CubeMX.6.14.1
2025-08-18 14:03:14,587 [INFO] AnalyticsPlugin:255 - Accepted CMSIS Pack Licenses: STMicroelectronics.X-CUBE-TOUCHGFX.4.23.0,STMicroelectronics.X-CUBE-ALGOBUILD.1.4.0,STMicroelectronics.X-CUBE-TOUCHGFX.4.25.0
2025-08-18 14:03:14,587 [INFO] AnalyticsPlugin:257 - Accepted Firmware Licenses: FW.L4.1.18.0,FW.G4.1.5.0,FW.F4.1.28.0,FW.F7.1.17.0,FW.G4.1.6.0
2025-08-18 14:03:14,590 [INFO] PluginManage:359 - Loaded plugin analytics (category:tool,tabindex:-1)
2025-08-18 14:03:14,590 [INFO] PluginManage:310 - Check plugin cadmodel
2025-08-18 14:03:14,597 [INFO] CADModel:105 - Init CAD model plugin
2025-08-18 14:03:14,598 [INFO] PluginManage:359 - Loaded plugin cadmodel (category:power,tabindex:5)
2025-08-18 14:03:14,598 [INFO] PluginManage:310 - Check plugin clock
2025-08-18 14:03:14,612 [INFO] PluginManage:359 - Loaded plugin clock (category:base,tabindex:2)
2025-08-18 14:03:14,612 [INFO] PluginManage:310 - Check plugin ddr
2025-08-18 14:03:14,614 [INFO] PluginManage:359 - Loaded plugin ddr (category:tool,tabindex:6)
2025-08-18 14:03:14,615 [INFO] PluginManage:310 - Check plugin filemanager
2025-08-18 14:03:14,893 [INFO] PluginManage:359 - Loaded plugin filemanager (category:base,tabindex:10)
2025-08-18 14:03:14,893 [INFO] PluginManage:310 - Check plugin ipmanager
2025-08-18 14:03:14,899 [INFO] PluginManage:359 - Loaded plugin ipmanager (category:base,tabindex:5)
2025-08-18 14:03:14,899 [INFO] PluginManage:310 - Check plugin lpbam
2025-08-18 14:03:14,908 [INFO] PluginManage:359 - Loaded plugin lpbam (category:base,tabindex:0)
2025-08-18 14:03:14,908 [INFO] PluginManage:310 - Check plugin memorymap
2025-08-18 14:03:14,923 [INFO] PluginManage:359 - Loaded plugin memorymap (category:base,tabindex:4)
2025-08-18 14:03:14,923 [INFO] PluginManage:310 - Check plugin pinoutandconfiguration
2025-08-18 14:03:14,931 [INFO] PluginManage:359 - Loaded plugin pinoutandconfiguration (category:base,tabindex:1)
2025-08-18 14:03:14,931 [INFO] PluginManage:310 - Check plugin pinoutconfig
2025-08-18 14:03:15,017 [WARN] SupportedApi:132 - Cannot load RTOS API schema: s4s-elt-must-match.1: The content of 'definitions' must match (annotation?, (simpleType | complexType)?, (unique | key | keyref)*)). A problem was found starting at: attribute.
2025-08-18 14:03:15,154 [INFO] PluginManage:359 - Loaded plugin pinoutconfig (category:base,tabindex:0)
2025-08-18 14:03:15,154 [INFO] PluginManage:310 - Check plugin power
2025-08-18 14:03:15,163 [INFO] PluginManage:359 - Loaded plugin power (category:power,tabindex:4)
2025-08-18 14:03:15,163 [INFO] PluginManage:310 - Check plugin projectmanager
2025-08-18 14:03:15,177 [INFO] PluginManage:359 - Loaded plugin projectmanager (category:projectmanager,tabindex:4)
2025-08-18 14:03:15,178 [INFO] PluginManage:310 - Check plugin rif
2025-08-18 14:03:15,185 [INFO] PluginManage:359 - Loaded plugin rif (category:base,tabindex:3)
2025-08-18 14:03:15,185 [INFO] PluginManage:310 - Check plugin thirdparty
2025-08-18 14:03:15,333 [INFO] PluginManage:359 - Loaded plugin thirdparty (category:base,tabindex:-1)
2025-08-18 14:03:15,333 [INFO] PluginManage:310 - Check plugin tools
2025-08-18 14:03:15,333 [WARN] IntegrityCheckThread:84 - waiting for thirdparty lock release [integrity check]
2025-08-18 14:03:15,333 [INFO] IntegrityCheckThread:86 - entering critical section [integrity check]
2025-08-18 14:03:15,333 [INFO] ThirdPartyUpdaterWithRetryManager:70 - Updater plugin not ready yet. [1/15]
2025-08-18 14:03:15,335 [INFO] PluginManage:359 - Loaded plugin tools (category:base,tabindex:7)
2025-08-18 14:03:15,335 [INFO] PluginManage:310 - Check plugin tutovideos
2025-08-18 14:03:15,507 [INFO] PluginManage:359 - Loaded plugin tutovideos (category:base,tabindex:-1)
2025-08-18 14:03:15,508 [INFO] PluginManage:310 - Check plugin updater
2025-08-18 14:03:15,529 [INFO] PluginManage:359 - Loaded plugin updater (category:base,tabindex:12)
2025-08-18 14:03:15,529 [INFO] PluginManage:310 - Check plugin userauth
2025-08-18 14:03:15,533 [INFO] UserAuth:118 - Init User Auth plugin
2025-08-18 14:03:15,534 [INFO] PluginManage:359 - Loaded plugin userauth (category:base,tabindex:14)
2025-08-18 14:03:15,534 [INFO] PluginManage:283 - PluginManage : Loaded plugins [18]
2025-08-18 14:03:15,764 [INFO] PinOutPanel:1589 - setPackage(No Configuration,No Configuration)
2025-08-18 14:03:15,842 [INFO] CADModel:165 - CPN selected for project level
2025-08-18 14:03:15,842 [INFO] CADModel:114 - Register for checkConnection events
2025-08-18 14:03:15,861 [INFO] IPUIPlugin:80 - create IPUIPlugin
2025-08-18 14:03:15,862 [INFO] PluginManager:220 - loadIPPluginJar : add adc
2025-08-18 14:03:15,864 [INFO] IPUIPlugin:80 - create IPUIPlugin
2025-08-18 14:03:15,864 [INFO] PluginManager:220 - loadIPPluginJar : add aes
2025-08-18 14:03:15,866 [INFO] IPUIPlugin:80 - create IPUIPlugin
2025-08-18 14:03:15,866 [INFO] PluginManager:220 - loadIPPluginJar : add can
2025-08-18 14:03:15,868 [INFO] IPUIPlugin:80 - create IPUIPlugin
2025-08-18 14:03:15,868 [INFO] PluginManager:220 - loadIPPluginJar : add comp
2025-08-18 14:03:15,871 [INFO] IPUIPlugin:80 - create IPUIPlugin
2025-08-18 14:03:15,871 [INFO] PluginManager:220 - loadIPPluginJar : add cryp
2025-08-18 14:03:15,874 [INFO] IPUIPlugin:80 - create IPUIPlugin
2025-08-18 14:03:15,875 [INFO] PluginManager:220 - loadIPPluginJar : add ddr_ctrl_phy
2025-08-18 14:03:15,877 [INFO] IPUIPlugin:80 - create IPUIPlugin
2025-08-18 14:03:15,877 [INFO] PluginManager:220 - loadIPPluginJar : add dfsdm
2025-08-18 14:03:15,881 [INFO] IPUIPlugin:80 - create IPUIPlugin
2025-08-18 14:03:15,883 [INFO] PluginManager:220 - loadIPPluginJar : add dma
2025-08-18 14:03:15,885 [INFO] IPUIPlugin:80 - create IPUIPlugin
2025-08-18 14:03:15,885 [INFO] PluginManager:220 - loadIPPluginJar : add dma3
2025-08-18 14:03:15,889 [INFO] IPUIPlugin:80 - create IPUIPlugin
2025-08-18 14:03:15,890 [INFO] PluginManager:220 - loadIPPluginJar : add extmemmanager
2025-08-18 14:03:15,892 [INFO] IPUIPlugin:80 - create IPUIPlugin
2025-08-18 14:03:15,892 [INFO] PluginManager:220 - loadIPPluginJar : add fatfs
2025-08-18 14:03:15,895 [INFO] IPUIPlugin:80 - create IPUIPlugin
2025-08-18 14:03:15,896 [INFO] PluginManager:220 - loadIPPluginJar : add fmc
2025-08-18 14:03:15,900 [INFO] IPUIPlugin:80 - create IPUIPlugin
2025-08-18 14:03:15,900 [INFO] PluginManager:220 - loadIPPluginJar : add freertos
2025-08-18 14:03:15,901 [INFO] IPUIPlugin:80 - create IPUIPlugin
2025-08-18 14:03:15,901 [INFO] PluginManager:220 - loadIPPluginJar : add genericplugin
2025-08-18 14:03:15,905 [INFO] IPUIPlugin:80 - create IPUIPlugin
2025-08-18 14:03:15,905 [INFO] PluginManager:220 - loadIPPluginJar : add gfxmmu
2025-08-18 14:03:15,910 [INFO] IPUIPlugin:80 - create IPUIPlugin
2025-08-18 14:03:15,910 [INFO] PluginManager:220 - loadIPPluginJar : add gic
2025-08-18 14:03:15,915 [INFO] IPUIPlugin:80 - create IPUIPlugin
2025-08-18 14:03:15,915 [INFO] PluginManager:220 - loadIPPluginJar : add gpio
2025-08-18 14:03:15,917 [INFO] IPUIPlugin:80 - create IPUIPlugin
2025-08-18 14:03:15,917 [INFO] PluginManager:220 - loadIPPluginJar : add gtzc
2025-08-18 14:03:15,920 [INFO] IPUIPlugin:80 - create IPUIPlugin
2025-08-18 14:03:15,920 [INFO] PluginManager:220 - loadIPPluginJar : add hash
2025-08-18 14:03:15,924 [INFO] IPUIPlugin:80 - create IPUIPlugin
2025-08-18 14:03:15,924 [INFO] PluginManager:220 - loadIPPluginJar : add i2c
2025-08-18 14:03:15,927 [INFO] IPUIPlugin:80 - create IPUIPlugin
2025-08-18 14:03:15,927 [INFO] PluginManager:220 - loadIPPluginJar : add i2s
2025-08-18 14:03:15,930 [INFO] IPUIPlugin:80 - create IPUIPlugin
2025-08-18 14:03:15,930 [INFO] PluginManager:220 - loadIPPluginJar : add i3c
2025-08-18 14:03:15,932 [INFO] IPUIPlugin:80 - create IPUIPlugin
2025-08-18 14:03:15,932 [INFO] PluginManager:220 - loadIPPluginJar : add ipddr
2025-08-18 14:03:15,941 [INFO] IPUIPlugin:80 - create IPUIPlugin
2025-08-18 14:03:15,941 [INFO] PluginManager:220 - loadIPPluginJar : add linkedlist
2025-08-18 14:03:15,943 [INFO] IPUIPlugin:80 - create IPUIPlugin
2025-08-18 14:03:15,943 [INFO] PluginManager:220 - loadIPPluginJar : add lorawan
2025-08-18 14:03:15,944 [INFO] IPUIPlugin:80 - create IPUIPlugin
2025-08-18 14:03:15,944 [INFO] PluginManager:220 - loadIPPluginJar : add ltdc
2025-08-18 14:03:15,949 [INFO] IPUIPlugin:80 - create IPUIPlugin
2025-08-18 14:03:15,949 [INFO] PluginManager:220 - loadIPPluginJar : add mdma
2025-08-18 14:03:15,952 [INFO] IPUIPlugin:80 - create IPUIPlugin
2025-08-18 14:03:15,952 [INFO] PluginManager:220 - loadIPPluginJar : add nvic
2025-08-18 14:03:15,956 [INFO] IPUIPlugin:80 - create IPUIPlugin
2025-08-18 14:03:15,957 [INFO] PluginManager:220 - loadIPPluginJar : add opamp
2025-08-18 14:03:15,960 [INFO] IPUIPlugin:80 - create IPUIPlugin
2025-08-18 14:03:15,960 [INFO] PluginManager:220 - loadIPPluginJar : add openamp
2025-08-18 14:03:15,963 [INFO] IPUIPlugin:80 - create IPUIPlugin
2025-08-18 14:03:15,964 [INFO] PluginManager:220 - loadIPPluginJar : add pdm2pcm
2025-08-18 14:03:15,968 [INFO] IPUIPlugin:80 - create IPUIPlugin
2025-08-18 14:03:15,972 [INFO] PluginManager:220 - loadIPPluginJar : add plateformsettings
2025-08-18 14:03:15,974 [INFO] IPUIPlugin:80 - create IPUIPlugin
2025-08-18 14:03:15,974 [INFO] PluginManager:220 - loadIPPluginJar : add quadspi
2025-08-18 14:03:15,976 [INFO] IPUIPlugin:80 - create IPUIPlugin
2025-08-18 14:03:15,977 [INFO] PluginManager:220 - loadIPPluginJar : add radio
2025-08-18 14:03:15,980 [INFO] IPUIPlugin:80 - create IPUIPlugin
2025-08-18 14:03:15,980 [INFO] PluginManager:220 - loadIPPluginJar : add resmgrutility
2025-08-18 14:03:15,984 [INFO] IPUIPlugin:80 - create IPUIPlugin
2025-08-18 14:03:15,984 [INFO] PluginManager:220 - loadIPPluginJar : add sai
2025-08-18 14:03:15,987 [INFO] IPUIPlugin:80 - create IPUIPlugin
2025-08-18 14:03:15,987 [INFO] PluginManager:220 - loadIPPluginJar : add spi
2025-08-18 14:03:15,993 [INFO] IPUIPlugin:80 - create IPUIPlugin
2025-08-18 14:03:15,993 [INFO] PluginManager:220 - loadIPPluginJar : add stm32_wpan
2025-08-18 14:03:15,995 [INFO] IPUIPlugin:80 - create IPUIPlugin
2025-08-18 14:03:15,995 [INFO] PluginManager:220 - loadIPPluginJar : add tim
2025-08-18 14:03:15,998 [INFO] IPUIPlugin:80 - create IPUIPlugin
2025-08-18 14:03:15,998 [INFO] PluginManager:220 - loadIPPluginJar : add touchsensing
2025-08-18 14:03:16,000 [INFO] IPUIPlugin:80 - create IPUIPlugin
2025-08-18 14:03:16,000 [INFO] PluginManager:220 - loadIPPluginJar : add tracer_emb
2025-08-18 14:03:16,002 [INFO] IPUIPlugin:80 - create IPUIPlugin
2025-08-18 14:03:16,002 [INFO] PluginManager:220 - loadIPPluginJar : add ts
2025-08-18 14:03:16,004 [INFO] IPUIPlugin:80 - create IPUIPlugin
2025-08-18 14:03:16,004 [INFO] PluginManager:220 - loadIPPluginJar : add tsc
2025-08-18 14:03:16,007 [INFO] IPUIPlugin:80 - create IPUIPlugin
2025-08-18 14:03:16,007 [INFO] PluginManager:220 - loadIPPluginJar : add ucpd
2025-08-18 14:03:16,011 [INFO] IPUIPlugin:80 - create IPUIPlugin
2025-08-18 14:03:16,011 [INFO] PluginManager:220 - loadIPPluginJar : add usart
2025-08-18 14:03:16,014 [INFO] IPUIPlugin:80 - create IPUIPlugin
2025-08-18 14:03:16,014 [INFO] PluginManager:220 - loadIPPluginJar : add usbx
2025-08-18 14:03:16,142 [FATAL] Updater:351 - Updater called before beeing initialized
2025-08-18 14:03:16,166 [INFO] RulesReader:64 - Compatibility file has been processed (301 Rules)
2025-08-18 14:03:16,176 [INFO] RulesReader:64 - Compatibility file has been processed (301 Rules)
2025-08-18 14:03:16,184 [INFO] CADModel:165 - CPN selected for project level
2025-08-18 14:03:16,185 [INFO] CADModel:114 - Register for checkConnection events
2025-08-18 14:03:16,185 [FATAL] Updater:351 - Updater called before beeing initialized
2025-08-18 14:03:16,185 [ERROR] CADModel:125 - Updater not yet initialized, retry later 
2025-08-18 14:03:16,348 [FATAL] Updater:351 - Updater called before beeing initialized
2025-08-18 14:03:16,350 [INFO] CADModel:165 - CPN selected for project level
2025-08-18 14:03:16,350 [INFO] CADModel:114 - Register for checkConnection events
2025-08-18 14:03:16,350 [FATAL] Updater:351 - Updater called before beeing initialized
2025-08-18 14:03:16,350 [ERROR] CADModel:125 - Updater not yet initialized, retry later 
2025-08-18 14:03:16,353 [FATAL] Updater:351 - Updater called before beeing initialized
2025-08-18 14:03:16,459 [FATAL] Updater:351 - Updater called before beeing initialized
2025-08-18 14:03:16,462 [INFO] DbMcusAds:53 - JSON generation date=Wed May 07 11:07:55 CEST 2025 (1746608875484)
2025-08-18 14:03:16,463 [FATAL] Updater:351 - Updater called before beeing initialized
2025-08-18 14:03:16,500 [WARN] DetailPanel:346 - Failed to get advertising image, set to default
2025-08-18 14:03:16,740 [FATAL] Updater:351 - Updater called before beeing initialized
2025-08-18 14:03:16,741 [FATAL] Updater:351 - Updater called before beeing initialized
2025-08-18 14:03:16,741 [FATAL] Updater:351 - Updater called before beeing initialized
2025-08-18 14:03:16,741 [WARN] DetailPanel:346 - Failed to get advertising image, set to default
2025-08-18 14:03:16,742 [FATAL] Updater:351 - Updater called before beeing initialized
2025-08-18 14:03:16,790 [ERROR] Updater:1198 - MainUpdater not yet initialized. External WinMGr cannot be set.
2025-08-18 14:03:16,792 [INFO] Updater:1134 - Updater Version found : 6.14.0
2025-08-18 14:03:16,817 [INFO] ApplicationProperties:184 - Using Application install path: C:\ST\STM32CubeIDE_1.10.1\STM32CubeIDE\plugins\com.st.stm32cube.common.mx_6.14.0.202502271554
2025-08-18 14:03:18,336 [INFO] ThirdPartyUpdaterWithRetryManager:70 - Updater plugin not ready yet. [2/15]
2025-08-18 14:03:18,732 [INFO] MainUpdater:2872 - connection check result : 10
2025-08-18 14:03:18,732 [INFO] MainUpdater:3566 - Updater definition file requires update
2025-08-18 14:03:18,734 [INFO] MainUpdater:289 - Updater Check For Update Now.
2025-08-18 14:03:18,734 [INFO] MicroXplorer:498 - Change Database Version : DB.6.0.140
2025-08-18 14:03:18,741 [INFO] McuFinderGlobals:63 - Set McuFinder mode to 2 (CubeIDE integrated)
2025-08-18 14:03:18,741 [INFO] UserAuth:171 - activating auth plugin
2025-08-18 14:03:18,743 [INFO] UserAuth:486 - Internet connection configuration mode: 1
2025-08-18 14:03:18,760 [INFO] JxBrowserEngine:152 - Initiate JxBrowser Engine with user profile folder
2025-08-18 14:03:19,931 [INFO] WebApp:169 - Instantiating new browser for Auth
2025-08-18 14:03:20,730 [INFO] WebApp:463 - Apply proxy settings
2025-08-18 14:03:20,730 [INFO] WebApp:548 - Chromium requires no authentication
2025-08-18 14:03:20,740 [INFO] WebApp:491 - Direct internet connection detected
2025-08-18 14:03:20,773 [INFO] WebApp:894 - Register for checkConnection events
2025-08-18 14:03:20,773 [INFO] WebApp:463 - Apply proxy settings
2025-08-18 14:03:20,773 [INFO] WebApp:548 - Chromium requires no authentication
2025-08-18 14:03:20,775 [INFO] WebApp:491 - Direct internet connection detected
2025-08-18 14:03:20,966 [INFO] WebApp:225 - Starting web application
2025-08-18 14:03:20,966 [INFO] WebApp:593 - Web application path used C:\ST\STM32CubeIDE_1.10.1\STM32CubeIDE\plugins\com.st.stm32cube.common.mx_6.14.0.202502271554\db\plugins\mcufinder\reactClient1\index.html
2025-08-18 14:03:21,337 [WARN] MainUpdater:1193 - Updater busy. Cannot search thirdparties
2025-08-18 14:03:21,337 [INFO] ThirdPartyUpdaterWithRetryManager:96 - Updater plugin is busy. [1/15]
2025-08-18 14:03:22,263 [INFO] ServerAccessManage:473 - Download File updaters.zip
2025-08-18 14:03:22,431 [ERROR] LogOutputStream:75 - [STDERR_REDIRECT] 
