2025-08-27 19:44:17,374 [INFO] Activator:176 - 


2025-08-27 19:44:17,384 [INFO] Activator:177 - !SESSION log4j initialized
2025-08-27 19:44:25,185 [INFO] LogOutputStream:77 - [STDOUT_REDIRECT] 
2025-08-27 19:44:30,301 [INFO] ApplicationProperties:184 - Using Application install path: C:\ST\STM32CubeIDE_1.10.1\STM32CubeIDE\plugins\com.st.stm32cube.common.mx_6.14.0.202502271554
2025-08-27 19:44:30,320 [INFO] DbMcusXml:78 - Set database path to: C:\ST\STM32CubeIDE_1.10.1\STM32CubeIDE\plugins\com.st.stm32cube.common.mx_6.14.0.202502271554\\db\/mcu/
2025-08-27 19:44:30,321 [INFO] ApiDb:274 - Set plugin database path to: C:\ST\STM32CubeIDE_1.10.1\STM32CubeIDE\plugins\com.st.stm32cube.common.mx_6.14.0.202502271554\\db\/plugins/boardmanager/
2025-08-27 19:44:30,490 [WARN] ApiDb:259 - Overriding images path with different value:  => C:\ST\STM32CubeIDE_1.10.1\STM32CubeIDE\plugins\com.st.stm32cube.common.mx_6.14.0.202502271554\\db\/plugins/mcufinder/images/
2025-08-27 19:44:30,525 [INFO] ApiDb:250 - Set database path to: C:\Users\julie\.stmcufinder\plugins\mcufinder//mcu/
2025-08-27 19:44:30,527 [INFO] DbMcusAds:125 - Set database path to: C:\Users\julie\.stmcufinder\plugins\mcufinder//mcu/
2025-08-27 19:44:30,529 [INFO] CrossReferenceDbSqlite:203 - Set database path to: C:\Users\julie\.stmcufinder\plugins\mcufinder//mcu/cs/
2025-08-27 19:44:30,651 [INFO] RulesReader:64 - Compatibility file has been processed (301 Rules)
2025-08-27 19:44:30,739 [INFO] DbMcusXml:78 - Set database path to: C:\ST\STM32CubeIDE_1.10.1\STM32CubeIDE\plugins\com.st.stm32cube.common.mx_6.14.0.202502271554\\db\/mcu/
2025-08-27 19:44:30,739 [INFO] ApiDb:274 - Set plugin database path to: C:\ST\STM32CubeIDE_1.10.1\STM32CubeIDE\plugins\com.st.stm32cube.common.mx_6.14.0.202502271554\\db\/plugins/boardmanager/
2025-08-27 19:44:30,740 [INFO] ApiDb:261 - Set plugin images path to: C:\ST\STM32CubeIDE_1.10.1\STM32CubeIDE\plugins\com.st.stm32cube.common.mx_6.14.0.202502271554\\db\/plugins/mcufinder/images/
2025-08-27 19:44:30,740 [WARN] DbFile:41 - Overriding database path with different value: C:\Users\julie\.stmcufinder\plugins\mcufinder/ => C:\Users\julie\.stmcufinder\plugins\mcufinder
2025-08-27 19:44:30,740 [INFO] ApiDb:250 - Set database path to: C:\Users\julie\.stmcufinder\plugins\mcufinder//mcu/
2025-08-27 19:44:30,740 [WARN] DbFile:41 - Overriding database path with different value: C:\Users\julie\.stmcufinder\plugins\mcufinder/ => C:\Users\julie\.stmcufinder\plugins\mcufinder
2025-08-27 19:44:30,740 [INFO] DbMcusAds:125 - Set database path to: C:\Users\julie\.stmcufinder\plugins\mcufinder//mcu/
2025-08-27 19:44:30,740 [WARN] DbFile:41 - Overriding database path with different value: C:\Users\julie\.stmcufinder\plugins\mcufinder/ => C:\Users\julie\.stmcufinder\plugins\mcufinder
2025-08-27 19:44:30,740 [WARN] DbFile:41 - Overriding database path with different value: C:\Users\julie\.stmcufinder\plugins\mcufinder/ => C:\Users\julie\.stmcufinder\plugins\mcufinder
2025-08-27 19:44:30,740 [INFO] CrossReferenceDbSqlite:203 - Set database path to: C:\Users\julie\.stmcufinder\plugins\mcufinder//mcu/cs/
2025-08-27 19:44:30,817 [INFO] MainPanel:272 - HeapMemory: 268435456
2025-08-27 19:44:30,943 [INFO] DbMcusXml:78 - Set database path to: C:\ST\STM32CubeIDE_1.10.1\STM32CubeIDE\plugins\com.st.stm32cube.common.mx_6.14.0.202502271554\\db\/mcu/
2025-08-27 19:44:30,943 [INFO] ApiDb:274 - Set plugin database path to: C:\ST\STM32CubeIDE_1.10.1\STM32CubeIDE\plugins\com.st.stm32cube.common.mx_6.14.0.202502271554\\db\/plugins/boardmanager/
2025-08-27 19:44:30,943 [INFO] ApiDb:261 - Set plugin images path to: C:\ST\STM32CubeIDE_1.10.1\STM32CubeIDE\plugins\com.st.stm32cube.common.mx_6.14.0.202502271554\\db\/plugins/mcufinder/images/
2025-08-27 19:44:30,944 [WARN] DbFile:41 - Overriding database path with different value: C:\Users\julie\.stmcufinder\plugins\mcufinder/ => C:\Users\julie\.stmcufinder\plugins\mcufinder
2025-08-27 19:44:30,944 [INFO] ApiDb:250 - Set database path to: C:\Users\julie\.stmcufinder\plugins\mcufinder//mcu/
2025-08-27 19:44:30,944 [WARN] DbFile:41 - Overriding database path with different value: C:\Users\julie\.stmcufinder\plugins\mcufinder/ => C:\Users\julie\.stmcufinder\plugins\mcufinder
2025-08-27 19:44:30,944 [INFO] DbMcusAds:125 - Set database path to: C:\Users\julie\.stmcufinder\plugins\mcufinder//mcu/
2025-08-27 19:44:30,944 [WARN] DbFile:41 - Overriding database path with different value: C:\Users\julie\.stmcufinder\plugins\mcufinder/ => C:\Users\julie\.stmcufinder\plugins\mcufinder
2025-08-27 19:44:30,944 [WARN] DbFile:41 - Overriding database path with different value: C:\Users\julie\.stmcufinder\plugins\mcufinder/ => C:\Users\julie\.stmcufinder\plugins\mcufinder
2025-08-27 19:44:30,944 [INFO] CrossReferenceDbSqlite:203 - Set database path to: C:\Users\julie\.stmcufinder\plugins\mcufinder//mcu/cs/
2025-08-27 19:44:30,962 [INFO] ApplicationProperties:184 - Using Application install path: C:\ST\STM32CubeIDE_1.10.1\STM32CubeIDE\plugins\com.st.stm32cube.common.mx_6.14.0.202502271554
2025-08-27 19:44:30,965 [INFO] PluginManage:196 - Search for loadable plugins [exclusion list=, ]
2025-08-27 19:44:30,966 [INFO] PluginManage:310 - Check plugin analytics
2025-08-27 19:44:31,317 [INFO] AnalyticsPlugin:253 - Accepted Software Licenses: STM32CubeMX.6.3.0,STM32CubeMX.6.9.2,STM32CubeMX.6.6.1,STM32CubeMX.6.10.0,STM32CubeMX.6.14.0,STM32CubeMX.6.13.0,STM32CubeMX.6.14.1
2025-08-27 19:44:31,317 [INFO] AnalyticsPlugin:255 - Accepted CMSIS Pack Licenses: STMicroelectronics.X-CUBE-TOUCHGFX.4.23.0,STMicroelectronics.X-CUBE-ALGOBUILD.1.4.0,STMicroelectronics.X-CUBE-TOUCHGFX.4.25.0
2025-08-27 19:44:31,317 [INFO] AnalyticsPlugin:257 - Accepted Firmware Licenses: FW.L4.1.18.0,FW.G4.1.5.0,FW.F4.1.28.0,FW.F7.1.17.0,FW.G4.1.6.0
2025-08-27 19:44:31,320 [INFO] PluginManage:359 - Loaded plugin analytics (category:tool,tabindex:-1)
2025-08-27 19:44:31,321 [INFO] PluginManage:310 - Check plugin cadmodel
2025-08-27 19:44:31,328 [INFO] CADModel:105 - Init CAD model plugin
2025-08-27 19:44:31,331 [INFO] PluginManage:359 - Loaded plugin cadmodel (category:power,tabindex:5)
2025-08-27 19:44:31,331 [INFO] PluginManage:310 - Check plugin clock
2025-08-27 19:44:31,342 [INFO] PluginManage:359 - Loaded plugin clock (category:base,tabindex:2)
2025-08-27 19:44:31,342 [INFO] PluginManage:310 - Check plugin ddr
2025-08-27 19:44:31,344 [INFO] PluginManage:359 - Loaded plugin ddr (category:tool,tabindex:6)
2025-08-27 19:44:31,344 [INFO] PluginManage:310 - Check plugin filemanager
2025-08-27 19:44:32,204 [INFO] PluginManage:359 - Loaded plugin filemanager (category:base,tabindex:10)
2025-08-27 19:44:32,204 [INFO] PluginManage:310 - Check plugin ipmanager
2025-08-27 19:44:32,209 [INFO] PluginManage:359 - Loaded plugin ipmanager (category:base,tabindex:5)
2025-08-27 19:44:32,211 [INFO] PluginManage:310 - Check plugin lpbam
2025-08-27 19:44:32,218 [INFO] PluginManage:359 - Loaded plugin lpbam (category:base,tabindex:0)
2025-08-27 19:44:32,218 [INFO] PluginManage:310 - Check plugin memorymap
2025-08-27 19:44:32,229 [INFO] PluginManage:359 - Loaded plugin memorymap (category:base,tabindex:4)
2025-08-27 19:44:32,229 [INFO] PluginManage:310 - Check plugin pinoutandconfiguration
2025-08-27 19:44:32,242 [INFO] PluginManage:359 - Loaded plugin pinoutandconfiguration (category:base,tabindex:1)
2025-08-27 19:44:32,242 [INFO] PluginManage:310 - Check plugin pinoutconfig
2025-08-27 19:44:32,360 [WARN] SupportedApi:132 - Cannot load RTOS API schema: s4s-elt-must-match.1: The content of 'definitions' must match (annotation?, (simpleType | complexType)?, (unique | key | keyref)*)). A problem was found starting at: attribute.
2025-08-27 19:44:32,540 [INFO] PluginManage:359 - Loaded plugin pinoutconfig (category:base,tabindex:0)
2025-08-27 19:44:32,540 [INFO] PluginManage:310 - Check plugin power
2025-08-27 19:44:32,556 [INFO] PluginManage:359 - Loaded plugin power (category:power,tabindex:4)
2025-08-27 19:44:32,556 [INFO] PluginManage:310 - Check plugin projectmanager
2025-08-27 19:44:32,573 [INFO] PluginManage:359 - Loaded plugin projectmanager (category:projectmanager,tabindex:4)
2025-08-27 19:44:32,573 [INFO] PluginManage:310 - Check plugin rif
2025-08-27 19:44:32,583 [INFO] PluginManage:359 - Loaded plugin rif (category:base,tabindex:3)
2025-08-27 19:44:32,583 [INFO] PluginManage:310 - Check plugin thirdparty
2025-08-27 19:44:32,766 [INFO] PluginManage:359 - Loaded plugin thirdparty (category:base,tabindex:-1)
2025-08-27 19:44:32,766 [INFO] PluginManage:310 - Check plugin tools
2025-08-27 19:44:32,765 [WARN] IntegrityCheckThread:84 - waiting for thirdparty lock release [integrity check]
2025-08-27 19:44:32,766 [INFO] IntegrityCheckThread:86 - entering critical section [integrity check]
2025-08-27 19:44:32,767 [INFO] ThirdPartyUpdaterWithRetryManager:70 - Updater plugin not ready yet. [1/15]
2025-08-27 19:44:32,770 [INFO] PluginManage:359 - Loaded plugin tools (category:base,tabindex:7)
2025-08-27 19:44:32,770 [INFO] PluginManage:310 - Check plugin tutovideos
2025-08-27 19:44:33,102 [INFO] PluginManage:359 - Loaded plugin tutovideos (category:base,tabindex:-1)
2025-08-27 19:44:33,102 [INFO] PluginManage:310 - Check plugin updater
2025-08-27 19:44:33,131 [INFO] PluginManage:359 - Loaded plugin updater (category:base,tabindex:12)
2025-08-27 19:44:33,131 [INFO] PluginManage:310 - Check plugin userauth
2025-08-27 19:44:33,138 [INFO] UserAuth:118 - Init User Auth plugin
2025-08-27 19:44:33,139 [INFO] PluginManage:359 - Loaded plugin userauth (category:base,tabindex:14)
2025-08-27 19:44:33,139 [INFO] PluginManage:283 - PluginManage : Loaded plugins [18]
2025-08-27 19:44:33,457 [INFO] PinOutPanel:1589 - setPackage(No Configuration,No Configuration)
2025-08-27 19:44:33,563 [INFO] CADModel:165 - CPN selected for project level
2025-08-27 19:44:33,563 [INFO] CADModel:114 - Register for checkConnection events
2025-08-27 19:44:33,589 [INFO] IPUIPlugin:80 - create IPUIPlugin
2025-08-27 19:44:33,589 [INFO] PluginManager:220 - loadIPPluginJar : add adc
2025-08-27 19:44:33,592 [INFO] IPUIPlugin:80 - create IPUIPlugin
2025-08-27 19:44:33,592 [INFO] PluginManager:220 - loadIPPluginJar : add aes
2025-08-27 19:44:33,596 [INFO] IPUIPlugin:80 - create IPUIPlugin
2025-08-27 19:44:33,596 [INFO] PluginManager:220 - loadIPPluginJar : add can
2025-08-27 19:44:33,599 [INFO] IPUIPlugin:80 - create IPUIPlugin
2025-08-27 19:44:33,600 [INFO] PluginManager:220 - loadIPPluginJar : add comp
2025-08-27 19:44:33,603 [INFO] IPUIPlugin:80 - create IPUIPlugin
2025-08-27 19:44:33,603 [INFO] PluginManager:220 - loadIPPluginJar : add cryp
2025-08-27 19:44:33,607 [INFO] IPUIPlugin:80 - create IPUIPlugin
2025-08-27 19:44:33,607 [INFO] PluginManager:220 - loadIPPluginJar : add ddr_ctrl_phy
2025-08-27 19:44:33,610 [INFO] IPUIPlugin:80 - create IPUIPlugin
2025-08-27 19:44:33,610 [INFO] PluginManager:220 - loadIPPluginJar : add dfsdm
2025-08-27 19:44:33,617 [INFO] IPUIPlugin:80 - create IPUIPlugin
2025-08-27 19:44:33,618 [INFO] PluginManager:220 - loadIPPluginJar : add dma
2025-08-27 19:44:33,622 [INFO] IPUIPlugin:80 - create IPUIPlugin
2025-08-27 19:44:33,622 [INFO] PluginManager:220 - loadIPPluginJar : add dma3
2025-08-27 19:44:33,625 [INFO] IPUIPlugin:80 - create IPUIPlugin
2025-08-27 19:44:33,626 [INFO] PluginManager:220 - loadIPPluginJar : add extmemmanager
2025-08-27 19:44:33,627 [INFO] IPUIPlugin:80 - create IPUIPlugin
2025-08-27 19:44:33,628 [INFO] PluginManager:220 - loadIPPluginJar : add fatfs
2025-08-27 19:44:33,634 [INFO] IPUIPlugin:80 - create IPUIPlugin
2025-08-27 19:44:33,634 [INFO] PluginManager:220 - loadIPPluginJar : add fmc
2025-08-27 19:44:33,639 [INFO] IPUIPlugin:80 - create IPUIPlugin
2025-08-27 19:44:33,640 [INFO] PluginManager:220 - loadIPPluginJar : add freertos
2025-08-27 19:44:33,641 [INFO] IPUIPlugin:80 - create IPUIPlugin
2025-08-27 19:44:33,641 [INFO] PluginManager:220 - loadIPPluginJar : add genericplugin
2025-08-27 19:44:33,645 [INFO] IPUIPlugin:80 - create IPUIPlugin
2025-08-27 19:44:33,646 [INFO] PluginManager:220 - loadIPPluginJar : add gfxmmu
2025-08-27 19:44:33,655 [INFO] IPUIPlugin:80 - create IPUIPlugin
2025-08-27 19:44:33,655 [INFO] PluginManager:220 - loadIPPluginJar : add gic
2025-08-27 19:44:33,659 [INFO] IPUIPlugin:80 - create IPUIPlugin
2025-08-27 19:44:33,659 [INFO] PluginManager:220 - loadIPPluginJar : add gpio
2025-08-27 19:44:33,664 [INFO] IPUIPlugin:80 - create IPUIPlugin
2025-08-27 19:44:33,664 [INFO] PluginManager:220 - loadIPPluginJar : add gtzc
2025-08-27 19:44:33,667 [INFO] IPUIPlugin:80 - create IPUIPlugin
2025-08-27 19:44:33,668 [INFO] PluginManager:220 - loadIPPluginJar : add hash
2025-08-27 19:44:33,670 [INFO] IPUIPlugin:80 - create IPUIPlugin
2025-08-27 19:44:33,670 [INFO] PluginManager:220 - loadIPPluginJar : add i2c
2025-08-27 19:44:33,672 [INFO] IPUIPlugin:80 - create IPUIPlugin
2025-08-27 19:44:33,672 [INFO] PluginManager:220 - loadIPPluginJar : add i2s
2025-08-27 19:44:33,676 [INFO] IPUIPlugin:80 - create IPUIPlugin
2025-08-27 19:44:33,676 [INFO] PluginManager:220 - loadIPPluginJar : add i3c
2025-08-27 19:44:33,683 [INFO] IPUIPlugin:80 - create IPUIPlugin
2025-08-27 19:44:33,684 [INFO] PluginManager:220 - loadIPPluginJar : add ipddr
2025-08-27 19:44:33,692 [INFO] IPUIPlugin:80 - create IPUIPlugin
2025-08-27 19:44:33,693 [INFO] PluginManager:220 - loadIPPluginJar : add linkedlist
2025-08-27 19:44:33,697 [INFO] IPUIPlugin:80 - create IPUIPlugin
2025-08-27 19:44:33,697 [INFO] PluginManager:220 - loadIPPluginJar : add lorawan
2025-08-27 19:44:33,701 [INFO] IPUIPlugin:80 - create IPUIPlugin
2025-08-27 19:44:33,701 [INFO] PluginManager:220 - loadIPPluginJar : add ltdc
2025-08-27 19:44:33,707 [INFO] IPUIPlugin:80 - create IPUIPlugin
2025-08-27 19:44:33,709 [INFO] PluginManager:220 - loadIPPluginJar : add mdma
2025-08-27 19:44:33,713 [INFO] IPUIPlugin:80 - create IPUIPlugin
2025-08-27 19:44:33,713 [INFO] PluginManager:220 - loadIPPluginJar : add nvic
2025-08-27 19:44:33,718 [INFO] IPUIPlugin:80 - create IPUIPlugin
2025-08-27 19:44:33,719 [INFO] PluginManager:220 - loadIPPluginJar : add opamp
2025-08-27 19:44:33,722 [INFO] IPUIPlugin:80 - create IPUIPlugin
2025-08-27 19:44:33,722 [INFO] PluginManager:220 - loadIPPluginJar : add openamp
2025-08-27 19:44:33,725 [INFO] IPUIPlugin:80 - create IPUIPlugin
2025-08-27 19:44:33,725 [INFO] PluginManager:220 - loadIPPluginJar : add pdm2pcm
2025-08-27 19:44:33,734 [INFO] IPUIPlugin:80 - create IPUIPlugin
2025-08-27 19:44:33,736 [INFO] PluginManager:220 - loadIPPluginJar : add plateformsettings
2025-08-27 19:44:33,738 [INFO] IPUIPlugin:80 - create IPUIPlugin
2025-08-27 19:44:33,738 [INFO] PluginManager:220 - loadIPPluginJar : add quadspi
2025-08-27 19:44:33,740 [INFO] IPUIPlugin:80 - create IPUIPlugin
2025-08-27 19:44:33,741 [INFO] PluginManager:220 - loadIPPluginJar : add radio
2025-08-27 19:44:33,747 [INFO] IPUIPlugin:80 - create IPUIPlugin
2025-08-27 19:44:33,747 [INFO] PluginManager:220 - loadIPPluginJar : add resmgrutility
2025-08-27 19:44:33,751 [INFO] IPUIPlugin:80 - create IPUIPlugin
2025-08-27 19:44:33,751 [INFO] PluginManager:220 - loadIPPluginJar : add sai
2025-08-27 19:44:33,755 [INFO] IPUIPlugin:80 - create IPUIPlugin
2025-08-27 19:44:33,756 [INFO] PluginManager:220 - loadIPPluginJar : add spi
2025-08-27 19:44:33,764 [INFO] IPUIPlugin:80 - create IPUIPlugin
2025-08-27 19:44:33,764 [INFO] PluginManager:220 - loadIPPluginJar : add stm32_wpan
2025-08-27 19:44:33,767 [INFO] IPUIPlugin:80 - create IPUIPlugin
2025-08-27 19:44:33,767 [INFO] PluginManager:220 - loadIPPluginJar : add tim
2025-08-27 19:44:33,771 [INFO] IPUIPlugin:80 - create IPUIPlugin
2025-08-27 19:44:33,772 [INFO] PluginManager:220 - loadIPPluginJar : add touchsensing
2025-08-27 19:44:33,774 [INFO] IPUIPlugin:80 - create IPUIPlugin
2025-08-27 19:44:33,774 [INFO] PluginManager:220 - loadIPPluginJar : add tracer_emb
2025-08-27 19:44:33,777 [INFO] IPUIPlugin:80 - create IPUIPlugin
2025-08-27 19:44:33,777 [INFO] PluginManager:220 - loadIPPluginJar : add ts
2025-08-27 19:44:33,785 [INFO] IPUIPlugin:80 - create IPUIPlugin
2025-08-27 19:44:33,786 [INFO] PluginManager:220 - loadIPPluginJar : add tsc
2025-08-27 19:44:33,792 [INFO] IPUIPlugin:80 - create IPUIPlugin
2025-08-27 19:44:33,792 [INFO] PluginManager:220 - loadIPPluginJar : add ucpd
2025-08-27 19:44:33,797 [INFO] IPUIPlugin:80 - create IPUIPlugin
2025-08-27 19:44:33,797 [INFO] PluginManager:220 - loadIPPluginJar : add usart
2025-08-27 19:44:33,803 [INFO] IPUIPlugin:80 - create IPUIPlugin
2025-08-27 19:44:33,803 [INFO] PluginManager:220 - loadIPPluginJar : add usbx
2025-08-27 19:44:33,998 [FATAL] Updater:351 - Updater called before beeing initialized
2025-08-27 19:44:34,027 [INFO] RulesReader:64 - Compatibility file has been processed (301 Rules)
2025-08-27 19:44:34,037 [INFO] RulesReader:64 - Compatibility file has been processed (301 Rules)
2025-08-27 19:44:34,043 [INFO] CADModel:165 - CPN selected for project level
2025-08-27 19:44:34,045 [INFO] CADModel:114 - Register for checkConnection events
2025-08-27 19:44:34,045 [FATAL] Updater:351 - Updater called before beeing initialized
2025-08-27 19:44:34,045 [ERROR] CADModel:125 - Updater not yet initialized, retry later 
2025-08-27 19:44:34,249 [FATAL] Updater:351 - Updater called before beeing initialized
2025-08-27 19:44:34,251 [INFO] CADModel:165 - CPN selected for project level
2025-08-27 19:44:34,251 [INFO] CADModel:114 - Register for checkConnection events
2025-08-27 19:44:34,251 [FATAL] Updater:351 - Updater called before beeing initialized
2025-08-27 19:44:34,251 [ERROR] CADModel:125 - Updater not yet initialized, retry later 
2025-08-27 19:44:34,255 [FATAL] Updater:351 - Updater called before beeing initialized
2025-08-27 19:44:34,387 [FATAL] Updater:351 - Updater called before beeing initialized
2025-08-27 19:44:34,393 [INFO] DbMcusAds:53 - JSON generation date=Wed May 07 11:07:55 CEST 2025 (1746608875484)
2025-08-27 19:44:34,393 [FATAL] Updater:351 - Updater called before beeing initialized
2025-08-27 19:44:34,437 [WARN] DetailPanel:346 - Failed to get advertising image, set to default
2025-08-27 19:44:34,736 [FATAL] Updater:351 - Updater called before beeing initialized
2025-08-27 19:44:34,738 [FATAL] Updater:351 - Updater called before beeing initialized
2025-08-27 19:44:34,738 [FATAL] Updater:351 - Updater called before beeing initialized
2025-08-27 19:44:34,738 [WARN] DetailPanel:346 - Failed to get advertising image, set to default
2025-08-27 19:44:34,738 [FATAL] Updater:351 - Updater called before beeing initialized
2025-08-27 19:44:34,785 [ERROR] Updater:1198 - MainUpdater not yet initialized. External WinMGr cannot be set.
2025-08-27 19:44:34,787 [INFO] Updater:1134 - Updater Version found : 6.14.0
2025-08-27 19:44:34,806 [INFO] ApplicationProperties:184 - Using Application install path: C:\ST\STM32CubeIDE_1.10.1\STM32CubeIDE\plugins\com.st.stm32cube.common.mx_6.14.0.202502271554
2025-08-27 19:44:35,253 [INFO] MainUpdater:2872 - connection check result : 10
2025-08-27 19:44:35,254 [INFO] MainUpdater:3566 - Updater definition file requires update
2025-08-27 19:44:35,254 [INFO] MainUpdater:289 - Updater Check For Update Now.
2025-08-27 19:44:35,254 [INFO] MicroXplorer:498 - Change Database Version : DB.6.0.140
2025-08-27 19:44:35,260 [INFO] McuFinderGlobals:63 - Set McuFinder mode to 2 (CubeIDE integrated)
2025-08-27 19:44:35,261 [INFO] UserAuth:171 - activating auth plugin
2025-08-27 19:44:35,264 [INFO] UserAuth:486 - Internet connection configuration mode: 1
2025-08-27 19:44:35,282 [INFO] JxBrowserEngine:152 - Initiate JxBrowser Engine with user profile folder
2025-08-27 19:44:35,378 [INFO] ServerAccessManage:473 - Download File updaters.zip
2025-08-27 19:44:35,484 [INFO] FileExtend:242 - Unzip File : updaters.zip
2025-08-27 19:44:35,484 [INFO] FileExtend:257 - Standard Zip Deflate
2025-08-27 19:44:35,779 [WARN] MainUpdater:1193 - Updater busy. Cannot search thirdparties
2025-08-27 19:44:35,779 [INFO] ThirdPartyUpdaterWithRetryManager:96 - Updater plugin is busy. [1/15]
2025-08-27 19:44:36,202 [INFO] ServerAccessManage:473 - Download File PacksControlFlags.xml
2025-08-27 19:44:36,304 [INFO] ServerAccessManage:473 - Download File cubemx.pidx
2025-08-27 19:44:36,637 [INFO] ServerAccessManage:473 - Download File STMicroelectronics.FP-SNS-STBOX1.pdsc
2025-08-27 19:44:37,332 [INFO] ServerAccessManage:473 - Download File STMicroelectronics.FP-SNS-STAIOTCFT.pdsc
2025-08-27 19:44:37,502 [INFO] ServerAccessManage:473 - Download File STMicroelectronics.X-CUBE-AI.pdsc
2025-08-27 19:44:37,658 [INFO] WebApp:169 - Instantiating new browser for Auth
2025-08-27 19:44:38,668 [INFO] WebApp:463 - Apply proxy settings
2025-08-27 19:44:38,669 [INFO] WebApp:548 - Chromium requires no authentication
2025-08-27 19:44:38,687 [INFO] WebApp:491 - Direct internet connection detected
2025-08-27 19:44:38,699 [INFO] ServerAccessManage:473 - Download File STMicroelectronics.X-CUBE-BLEMGR.pdsc
2025-08-27 19:44:38,735 [INFO] WebApp:894 - Register for checkConnection events
2025-08-27 19:44:38,735 [INFO] WebApp:463 - Apply proxy settings
2025-08-27 19:44:38,735 [INFO] WebApp:548 - Chromium requires no authentication
2025-08-27 19:44:38,736 [INFO] WebApp:491 - Direct internet connection detected
2025-08-27 19:44:38,783 [WARN] MainUpdater:1193 - Updater busy. Cannot search thirdparties
2025-08-27 19:44:38,783 [INFO] ThirdPartyUpdaterWithRetryManager:96 - Updater plugin is busy. [2/15]
2025-08-27 19:44:38,864 [INFO] WebApp:191 - Connection restablished
2025-08-27 19:44:39,072 [INFO] WebApp:225 - Starting web application
2025-08-27 19:44:39,072 [INFO] WebApp:593 - Web application path used C:\ST\STM32CubeIDE_1.10.1\STM32CubeIDE\plugins\com.st.stm32cube.common.mx_6.14.0.202502271554\db\plugins\mcufinder\reactClient1\index.html
2025-08-27 19:44:39,198 [ERROR] ServerAccessManage:1089 - Problem, file not found on Server
2025-08-27 19:44:40,972 [INFO] ServerAccessManage:473 - Download File STMicroelectronics.X-CUBE-EEPRMA1.pdsc
2025-08-27 19:44:41,433 [ERROR] ServerAccessManage:1089 - Problem, file not found on Server
2025-08-27 19:44:41,717 [ERROR] ServerAccessManage:1089 - Problem, file not found on Server
2025-08-27 19:44:41,794 [WARN] MainUpdater:1193 - Updater busy. Cannot search thirdparties
2025-08-27 19:44:41,794 [INFO] ThirdPartyUpdaterWithRetryManager:96 - Updater plugin is busy. [3/15]
2025-08-27 19:44:42,517 [INFO] ServerAccessManage:473 - Download File STMicroelectronics.X-CUBE-NFC12.pdsc
2025-08-27 19:44:42,729 [INFO] ServerAccessManage:473 - Download File STMicroelectronics.X-CUBE-PM33A1.pdsc
2025-08-27 19:44:42,902 [INFO] ServerAccessManage:473 - Download File STMicroelectronics.X-CUBE-AZRTOS-H7.pdsc
2025-08-27 19:44:43,722 [WARN] PopulateThirdPartyThread:106 - Error when creating pack: C:/Users/julie/.stm32cubemx/thirdparties/pdsc/STMicroelectronics.FP-SNS-STBOX1.pdsc
2025-08-27 19:44:43,786 [WARN] PackLoader:240 - Cannot read IP mode file for STMicroelectronics.FP-SNS-STAIOTCFT.1.0.0
2025-08-27 19:44:43,797 [WARN] PackLoader:240 - Cannot read IP mode file for STMicroelectronics.X-CUBE-AI.10.2.0
2025-08-27 19:44:43,832 [WARN] PackLoader:240 - Cannot read IP mode file for STMicroelectronics.X-CUBE-BLEMGR.4.1.0
2025-08-27 19:44:43,856 [WARN] PackLoader:240 - Cannot read IP mode file for STMicroelectronics.X-CUBE-EEPRMA1.5.2.0
2025-08-27 19:44:43,873 [WARN] PackLoader:240 - Cannot read IP mode file for STMicroelectronics.X-CUBE-NFC12.1.0.0
2025-08-27 19:44:43,886 [WARN] PackLoader:240 - Cannot read IP mode file for STMicroelectronics.X-CUBE-PM33A1.1.0.0
2025-08-27 19:44:43,964 [WARN] PackLoader:240 - Cannot read IP mode file for STMicroelectronics.X-CUBE-AZRTOS-H7.3.4.0
2025-08-27 19:44:43,965 [INFO] CheckServerUpdateThread:120 - End of CheckServer Thread
2025-08-27 19:44:44,024 [INFO] PopulateThirdPartyThread:66 - Ending populate Thread
2025-08-27 19:44:44,029 [INFO] ThirdParty:1030 - CMSIS Pack Vendor :STMicroelectronics X-CUBE-BLEMGR 4.1.0
2025-08-27 19:44:44,029 [INFO] ThirdParty:1030 - CMSIS Pack Vendor :STMicroelectronics X-CUBE-EEPRMA1 5.2.0
2025-08-27 19:44:44,029 [INFO] ThirdParty:1030 - CMSIS Pack Vendor :STMicroelectronics X-CUBE-PM33A1 1.0.0
2025-08-27 19:44:44,029 [INFO] ThirdParty:1030 - CMSIS Pack Vendor :STMicroelectronics X-CUBE-AZRTOS-H7 3.4.0
2025-08-27 19:44:44,029 [INFO] ThirdParty:1030 - CMSIS Pack Vendor :STMicroelectronics FP-SNS-STAIOTCFT 1.0.0
2025-08-27 19:44:44,029 [INFO] ThirdParty:1030 - CMSIS Pack Vendor :STMicroelectronics X-CUBE-AI 10.2.0
2025-08-27 19:44:44,029 [INFO] ThirdParty:1030 - CMSIS Pack Vendor :STMicroelectronics X-CUBE-NFC12 1.0.0
2025-08-27 19:44:44,029 [INFO] LoadServerUpdatesThread:375 - End of LoadServerUpdate Thread
2025-08-27 19:44:45,047 [WARN] PackLoader:240 - Cannot read IP mode file for STMicroelectronics.FP-SNS-MOTENVWB1.1.4.0
2025-08-27 19:44:45,050 [WARN] PackLoader:240 - Cannot read IP mode file for STMicroelectronics.FP-ATR-ASTRA1.2.0.2
2025-08-27 19:44:45,054 [WARN] PackLoader:240 - Cannot read IP mode file for STMicroelectronics.X-CUBE-SMBUS.2.1.0
2025-08-27 19:44:45,063 [WARN] PackLoader:240 - Cannot read IP mode file for STMicroelectronics.X-CUBE-WB05N.1.1.0
2025-08-27 19:44:45,067 [WARN] PackLoader:240 - Cannot read IP mode file for STMicroelectronics.X-CUBE-ST60.1.0.0
2025-08-27 19:44:45,074 [WARN] PackLoader:240 - Cannot read IP mode file for STMicroelectronics.X-CUBE-TOUCHGFX.4.23.0
2025-08-27 19:44:45,154 [WARN] PackLoader:240 - Cannot read IP mode file for STMicroelectronics.X-CUBE-AZRTOS-F7.1.1.0
2025-08-27 19:44:45,176 [WARN] PackLoader:240 - Cannot read IP mode file for Infineon.AIROC-Wi-Fi-Bluetooth-STM32.1.7.0
2025-08-27 19:44:45,211 [WARN] PackLoader:240 - Cannot read IP mode file for STMicroelectronics.X-CUBE-AZRTOS-H7.3.4.0
2025-08-27 19:44:45,223 [WARN] PackLoader:240 - Cannot read IP mode file for STMicroelectronics.X-CUBE-DISPLAY.3.0.0
2025-08-27 19:44:45,233 [WARN] PackLoader:240 - Cannot read IP mode file for STMicroelectronics.X-CUBE-NFC10.1.0.0
2025-08-27 19:44:45,244 [WARN] PackLoader:240 - Cannot read IP mode file for STMicroelectronics.X-CUBE-BLEMGR.4.0.0
2025-08-27 19:44:45,255 [WARN] PackLoader:240 - Cannot read IP mode file for emotas.I-CUBE-CANOPEN.1.3.0
2025-08-27 19:44:45,482 [WARN] PackLoader:240 - Cannot read IP mode file for STMicroelectronics.X-CUBE-TOUCHGFX.4.22.1
2025-08-27 19:44:45,506 [WARN] ConditionMgr:438 - getConditionDescription Invalid condition id : Cortex-A Device cause : null
2025-08-27 19:44:45,521 [WARN] ConditionMgr:1044 - genDependencies : Invalid condition id : Cortex-A Device cause : null
2025-08-27 19:44:45,521 [WARN] ConditionMgr:1044 - genDependencies : Invalid condition id : Cortex-A Device cause : null
2025-08-27 19:44:45,522 [WARN] ConditionMgr:1044 - genDependencies : Invalid condition id : Cortex-A Device cause : null
2025-08-27 19:44:45,525 [WARN] PackLoader:240 - Cannot read IP mode file for STMicroelectronics.X-CUBE-AI.10.0.0
2025-08-27 19:44:45,528 [ERROR] Engine:466 - C:\Users\julie\.stm32cubemx\thirdparties\pdsc\STMicroelectronics.FP-SNS-STBOX1.2.1.0.pdsc: PDSC version is not supported
2025-08-27 19:44:45,533 [WARN] PackLoader:240 - Cannot read IP mode file for STMicroelectronics.FP-SNS-SMARTAG2.1.2.0
2025-08-27 19:44:45,535 [WARN] PackLoader:240 - Cannot read IP mode file for STMicroelectronics.FP-SNS-FLIGHT1.5.1.0
2025-08-27 19:44:45,567 [WARN] PackLoader:240 - Cannot read IP mode file for STMicroelectronics.X-CUBE-MEMS1.11.1.0
2025-08-27 19:44:45,674 [INFO] LogOutputStream:77 - [STDOUT_REDIRECT] 1 : Invalid condition id : UX_CORESTACK_Condition cause : null
2025-08-27 19:44:45,674 [INFO] LogOutputStream:77 - [STDOUT_REDIRECT] 1 : Invalid condition id : UX_CORESTACK_Condition cause : null
2025-08-27 19:44:45,675 [INFO] LogOutputStream:77 - [STDOUT_REDIRECT] 1 : Invalid condition id : UX_CORESTACK_Condition cause : null
2025-08-27 19:44:45,676 [INFO] LogOutputStream:77 - [STDOUT_REDIRECT] 1 : Invalid condition id : UX_CORESTACK_Condition cause : null
2025-08-27 19:44:45,680 [INFO] LogOutputStream:77 - [STDOUT_REDIRECT] 1 : Invalid condition id : UX_CORESTACK_Condition cause : null
2025-08-27 19:44:45,682 [WARN] PackLoader:240 - Cannot read IP mode file for STMicroelectronics.X-CUBE-AZRTOS-WL.2.0.0
2025-08-27 19:44:45,687 [WARN] PackLoader:240 - Cannot read IP mode file for STMicroelectronics.FP-SNS-MOTENV1.5.0.0
2025-08-27 19:44:45,694 [WARN] PackLoader:240 - Cannot read IP mode file for WES.I-CUBE-Cesium.1.3.0
2025-08-27 19:44:45,699 [WARN] PackLoader:240 - Cannot read IP mode file for STMicroelectronics.X-CUBE-BLE2.3.3.0
2025-08-27 19:44:45,704 [WARN] PackLoader:240 - Cannot read IP mode file for STMicroelectronics.X-CUBE-NFC9.1.0.0
2025-08-27 19:44:45,710 [WARN] PackLoader:240 - Cannot read IP mode file for STMicroelectronics.X-CUBE-BLE1.7.1.0
2025-08-27 19:44:45,716 [WARN] PackLoader:240 - Cannot read IP mode file for wolfSSL.I-CUBE-wolfMQTT.1.19.2
2025-08-27 19:44:45,721 [WARN] PackLoader:240 - Cannot read IP mode file for STMicroelectronics.X-CUBE-EEPRMA1.5.2.0
2025-08-27 19:44:45,724 [WARN] PackLoader:240 - Cannot read IP mode file for STMicroelectronics.X-CUBE-AI.10.1.0
2025-08-27 19:44:45,761 [WARN] PackLoader:240 - Cannot read IP mode file for STMicroelectronics.X-CUBE-MEMS1.11.2.0
2025-08-27 19:44:45,850 [WARN] PackLoader:240 - Cannot read IP mode file for STMicroelectronics.X-CUBE-AZRTOS-G0.1.1.0
2025-08-27 19:44:45,856 [WARN] PackLoader:240 - Cannot read IP mode file for STMicroelectronics.X-CUBE-SAFEA1.1.2.2
2025-08-27 19:44:45,861 [WARN] PackLoader:240 - Cannot read IP mode file for STMicroelectronics.X-CUBE-NFC4.3.0.0
2025-08-27 19:44:45,868 [WARN] PackLoader:240 - Cannot read IP mode file for EmbeddedOffice.I-CUBE-FS-RTOS.1.0.1
2025-08-27 19:44:45,872 [WARN] PackLoader:240 - Cannot read IP mode file for STMicroelectronics.X-CUBE-WB05N.2.0.0
2025-08-27 19:44:45,876 [WARN] PackLoader:240 - Cannot read IP mode file for wolfSSL.I-CUBE-wolfTPM.3.8.0
2025-08-27 19:44:45,884 [WARN] PackLoader:240 - Cannot read IP mode file for STMicroelectronics.X-CUBE-TCPP.4.2.0
2025-08-27 19:44:45,888 [WARN] PackLoader:240 - Cannot read IP mode file for RealThread.X-CUBE-RT-Thread_Nano.4.1.1
2025-08-27 19:44:45,892 [WARN] PackLoader:240 - Cannot read IP mode file for STMicroelectronics.FP-ATR-SIGFOX1.3.2.0
2025-08-27 19:44:45,896 [WARN] PackLoader:240 - Cannot read IP mode file for STMicroelectronics.X-CUBE-EEPRMA1.5.1.0
2025-08-27 19:44:45,901 [WARN] PackLoader:240 - Cannot read IP mode file for wolfSSL.I-CUBE-wolfSSL.5.7.6
2025-08-27 19:44:45,906 [WARN] PackLoader:240 - Cannot read IP mode file for ITTIA_DB.I-CUBE-ITTIADB.8.9.0
2025-08-27 19:44:45,911 [WARN] PackLoader:240 - Cannot read IP mode file for STMicroelectronics.X-CUBE-ST67W61.1.0.0
2025-08-27 19:44:45,915 [WARN] PackLoader:240 - Cannot read IP mode file for STMicroelectronics.X-CUBE-AI.10.2.0
2025-08-27 19:44:45,935 [WARN] PackLoader:240 - Cannot read IP mode file for SEGGER.I-CUBE-embOS.1.3.1
2025-08-27 19:44:45,966 [WARN] PackLoader:240 - Cannot read IP mode file for STMicroelectronics.X-CUBE-ALGOBUILD.1.4.0
2025-08-27 19:44:46,022 [WARN] PackLoader:240 - Cannot read IP mode file for STMicroelectronics.X-CUBE-MEMS1.11.3.0
2025-08-27 19:44:46,130 [WARN] PackLoader:240 - Cannot read IP mode file for STMicroelectronics.X-CUBE-PM33A1.1.0.0
2025-08-27 19:44:46,145 [WARN] PackLoader:240 - Cannot read IP mode file for STMicroelectronics.X-CUBE-AZRTOS-F4.1.1.0
2025-08-27 19:44:46,151 [WARN] PackLoader:240 - Cannot read IP mode file for Avnet-IotConnect.X-CUBE-IoTC-DA16k-PMOD.1.0.0
2025-08-27 19:44:46,154 [WARN] PackLoader:240 - Cannot read IP mode file for STMicroelectronics.X-CUBE-ISPU.2.1.0
2025-08-27 19:44:46,158 [WARN] PackLoader:240 - Cannot read IP mode file for STMicroelectronics.X-CUBE-NFC12.1.0.0
2025-08-27 19:44:46,171 [WARN] PackLoader:240 - Cannot read IP mode file for STMicroelectronics.X-CUBE-AZRTOS-L5.2.0.0
2025-08-27 19:44:46,183 [WARN] PackLoader:240 - Cannot read IP mode file for STMicroelectronics.X-CUBE-NFC6.3.1.0
2025-08-27 19:44:46,188 [WARN] PackLoader:240 - Cannot read IP mode file for STMicroelectronics.X-CUBE-FREERTOS.1.3.1
2025-08-27 19:44:46,192 [WARN] PackLoader:240 - Cannot read IP mode file for STMicroelectronics.X-CUBE-FREERTOS.1.3.0
2025-08-27 19:44:46,196 [WARN] PackLoader:240 - Cannot read IP mode file for STMicroelectronics.X-CUBE-NFC7.1.0.1
2025-08-27 19:44:46,200 [WARN] PackLoader:240 - Cannot read IP mode file for STMicroelectronics.FP-SNS-STAIOTCFT.1.0.0
2025-08-27 19:44:46,205 [WARN] PackLoader:240 - Cannot read IP mode file for STMicroelectronics.X-CUBE-DPower.1.3.0
2025-08-27 19:44:46,221 [WARN] ConditionMgr:438 - getConditionDescription Invalid condition id : LAN8742 Phy interface Condition cause : null
2025-08-27 19:44:46,222 [WARN] PackLoader:240 - Cannot read IP mode file for STMicroelectronics.X-CUBE-AZRTOS-L4.2.0.0
2025-08-27 19:44:46,222 [WARN] ConditionMgr:1044 - genDependencies : Invalid condition id : LAN8742 Phy interface Condition cause : null
2025-08-27 19:44:46,223 [WARN] ConditionMgr:1044 - genDependencies : Invalid condition id : LAN8742 Phy interface Condition cause : null
2025-08-27 19:44:46,223 [WARN] ConditionMgr:1044 - genDependencies : Invalid condition id : LAN8742 Phy interface Condition cause : null
2025-08-27 19:44:46,229 [WARN] PackLoader:240 - Cannot read IP mode file for STMicroelectronics.X-CUBE-SFXS2LP1.4.0.0
2025-08-27 19:44:46,250 [WARN] PackLoader:240 - Cannot read IP mode file for STMicroelectronics.X-CUBE-AZRTOS-H7.3.3.0
2025-08-27 19:44:46,257 [WARN] PackLoader:240 - Cannot read IP mode file for STMicroelectronics.X-CUBE-BLEMGR.4.1.0
2025-08-27 19:44:46,268 [WARN] ConditionMgr:438 - getConditionDescription Invalid condition id : UX DEVICE CLASS RTOS Condition cause : null
2025-08-27 19:44:46,269 [WARN] ConditionMgr:438 - getConditionDescription Invalid condition id : UX DEVICE CLASS RTOS Condition cause : null
2025-08-27 19:44:46,271 [WARN] PackLoader:240 - Cannot read IP mode file for STMicroelectronics.X-CUBE-AZRTOS-WB.2.0.0
2025-08-27 19:44:46,271 [WARN] ConditionMgr:1044 - genDependencies : Invalid condition id : UX DEVICE CLASS RTOS Condition cause : null
2025-08-27 19:44:46,271 [WARN] ConditionMgr:1044 - genDependencies : Invalid condition id : UX DEVICE CLASS RTOS Condition cause : null
2025-08-27 19:44:46,271 [WARN] ConditionMgr:1044 - genDependencies : Invalid condition id : UX DEVICE CLASS RTOS Condition cause : null
2025-08-27 19:44:46,272 [WARN] ConditionMgr:1044 - genDependencies : Invalid condition id : UX DEVICE CLASS RTOS Condition cause : null
2025-08-27 19:44:46,272 [WARN] ConditionMgr:1044 - genDependencies : Invalid condition id : UX DEVICE CLASS RTOS Condition cause : null
2025-08-27 19:44:46,275 [WARN] PackLoader:240 - Cannot read IP mode file for STMicroelectronics.X-CUBE-GNSS1.7.0.1
2025-08-27 19:44:46,282 [WARN] PackLoader:240 - Cannot read IP mode file for STMicroelectronics.X-CUBE-TOUCHGFX.4.25.0
2025-08-27 19:44:46,306 [WARN] PackLoader:240 - Cannot read IP mode file for STMicroelectronics.FP-SNS-STBOX1.2.0.0
2025-08-27 19:44:46,315 [WARN] PackLoader:240 - Cannot read IP mode file for STMicroelectronics.X-CUBE-SUBG2.5.0.0
2025-08-27 19:44:46,330 [WARN] PackLoader:240 - Cannot read IP mode file for STMicroelectronics.X-CUBE-AZRTOS-H7RS.1.1.0
2025-08-27 19:44:46,335 [WARN] PackLoader:240 - Cannot read IP mode file for Cesanta.I-CUBE-Mongoose.7.13.0
2025-08-27 19:44:46,352 [WARN] PackLoader:240 - Cannot read IP mode file for STMicroelectronics.X-CUBE-AZRTOS-G4.2.0.0
2025-08-27 19:44:46,356 [WARN] PackLoader:240 - Cannot read IP mode file for wolfSSL.I-CUBE-wolfSSH.1.4.20
2025-08-27 19:44:46,358 [WARN] PackLoader:240 - Cannot read IP mode file for STMicroelectronics.X-CUBE-NFC7.2.0.0
2025-08-27 19:44:46,368 [WARN] PackLoader:240 - Cannot read IP mode file for STMicroelectronics.X-CUBE-IPS.3.1.0
2025-08-27 19:44:46,420 [WARN] PackLoader:240 - Cannot read IP mode file for STMicroelectronics.X-CUBE-ALS.1.0.2
2025-08-27 19:44:46,425 [WARN] PackLoader:240 - Cannot read IP mode file for portGmbH.I-Cube-SoM-uGOAL.1.1.0
2025-08-27 19:44:46,433 [WARN] PackLoader:240 - Cannot read IP mode file for STMicroelectronics.X-CUBE-TOF1.3.4.2
2025-08-27 19:44:46,448 [WARN] PackLoader:240 - Cannot read IP mode file for STMicroelectronics.X-CUBE-TOF1.3.4.3
2025-08-27 19:44:46,455 [INFO] ThirdParty:978 - Integrity check success = true
2025-08-27 19:44:46,455 [INFO] IntegrityCheckThread:100 - exiting critical section [integrity check]
2025-08-27 19:44:46,455 [INFO] IntegrityCheckThread:103 - End integrity checks thread
2025-08-27 19:44:56,642 [INFO] WebApp:194 - Connection lost
2025-08-27 19:44:56,729 [INFO] WebApp:191 - Connection restablished
2025-08-27 20:26:58,183 [ERROR] LogOutputStream:75 - [STDERR_REDIRECT] 
